2018-07-16 20:45:08 Warning: DebugKit not enabled. You need to either install pdo_sqlite, or define the "debug_kit" connection name.
2018-07-16 20:45:08 Error: [Cake\Routing\Exception\MissingControllerException] Controller class Webwww could not be found.
Exception Attributes: array (
  'class' => 'Webwww',
  'plugin' => false,
  'prefix' => false,
  '_ext' => false,
)
Request URL: /webwww/web3/blog/index.php
Stack Trace:
#0 /home/lime/WebWWW/web3/blog/vendor/cakephp/cakephp/src/Http/ControllerFactory.php(39): Cake\Http\ControllerFactory->missingController(Object(Cake\Http\ServerRequest))
#1 /home/lime/WebWWW/web3/blog/vendor/cakephp/cakephp/src/Http/ActionDispatcher.php(91): Cake\Http\ControllerFactory->create(Object(Cake\Http\ServerRequest), Object(Cake\Http\Response))
#2 /home/lime/WebWWW/web3/blog/vendor/cakephp/cakephp/src/Http/BaseApplication.php(232): Cake\Http\ActionDispatcher->dispatch(Object(Cake\Http\ServerRequest), Object(Cake\Http\Response))
#3 /home/lime/WebWWW/web3/blog/vendor/cakephp/cakephp/src/Http/Runner.php(65): Cake\Http\BaseApplication->__invoke(Object(Cake\Http\ServerRequest), Object(Cake\Http\Response), Object(Cake\Http\Runner))
#4 /home/lime/WebWWW/web3/blog/vendor/cakephp/cakephp/src/Http/Middleware/CsrfProtectionMiddleware.php(103): Cake\Http\Runner->__invoke(Object(Cake\Http\ServerRequest), Object(Cake\Http\Response))
#5 /home/lime/WebWWW/web3/blog/vendor/cakephp/cakephp/src/Http/Runner.php(65): Cake\Http\Middleware\CsrfProtectionMiddleware->__invoke(Object(Cake\Http\ServerRequest), Object(Cake\Http\Response), Object(Cake\Http\Runner))
#6 /home/lime/WebWWW/web3/blog/vendor/cakephp/cakephp/src/Routing/Middleware/RoutingMiddleware.php(157): Cake\Http\Runner->__invoke(Object(Cake\Http\ServerRequest), Object(Cake\Http\Response))
#7 /home/lime/WebWWW/web3/blog/vendor/cakephp/cakephp/src/Http/Runner.php(65): Cake\Routing\Middleware\RoutingMiddleware->__invoke(Object(Cake\Http\ServerRequest), Object(Cake\Http\Response), Object(Cake\Http\Runner))
#8 /home/lime/WebWWW/web3/blog/vendor/cakephp/cakephp/src/Routing/Middleware/AssetMiddleware.php(97): Cake\Http\Runner->__invoke(Object(Cake\Http\ServerRequest), Object(Cake\Http\Response))
#9 /home/lime/WebWWW/web3/blog/vendor/cakephp/cakephp/src/Http/Runner.php(65): Cake\Routing\Middleware\AssetMiddleware->__invoke(Object(Cake\Http\ServerRequest), Object(Cake\Http\Response), Object(Cake\Http\Runner))
#10 /home/lime/WebWWW/web3/blog/vendor/cakephp/cakephp/src/Error/Middleware/ErrorHandlerMiddleware.php(98): Cake\Http\Runner->__invoke(Object(Cake\Http\ServerRequest), Object(Cake\Http\Response))
#11 /home/lime/WebWWW/web3/blog/vendor/cakephp/cakephp/src/Http/Runner.php(65): Cake\Error\Middleware\ErrorHandlerMiddleware->__invoke(Object(Cake\Http\ServerRequest), Object(Cake\Http\Response), Object(Cake\Http\Runner))
#12 /home/lime/WebWWW/web3/blog/vendor/cakephp/cakephp/src/Http/Runner.php(51): Cake\Http\Runner->__invoke(Object(Cake\Http\ServerRequest), Object(Cake\Http\Response))
#13 /home/lime/WebWWW/web3/blog/vendor/cakephp/cakephp/src/Http/Server.php(98): Cake\Http\Runner->run(Object(Cake\Http\MiddlewareQueue), Object(Cake\Http\ServerRequest), Object(Cake\Http\Response))
#14 /home/lime/WebWWW/web3/blog/webroot/index.php(40): Cake\Http\Server->run()
#15 {main}


2018-07-16 20:46:25 Warning: DebugKit not enabled. You need to either install pdo_sqlite, or define the "debug_kit" connection name.
2018-07-16 20:46:25 Error: [Cake\Routing\Exception\MissingControllerException] Controller class Webwww could not be found.
Exception Attributes: array (
  'class' => 'Webwww',
  'plugin' => false,
  'prefix' => false,
  '_ext' => false,
)
Request URL: /webwww/web3/blog/index.php
Stack Trace:
#0 /home/lime/WebWWW/web3/blog/vendor/cakephp/cakephp/src/Http/ControllerFactory.php(39): Cake\Http\ControllerFactory->missingController(Object(Cake\Http\ServerRequest))
#1 /home/lime/WebWWW/web3/blog/vendor/cakephp/cakephp/src/Http/ActionDispatcher.php(91): Cake\Http\ControllerFactory->create(Object(Cake\Http\ServerRequest), Object(Cake\Http\Response))
#2 /home/lime/WebWWW/web3/blog/vendor/cakephp/cakephp/src/Http/BaseApplication.php(232): Cake\Http\ActionDispatcher->dispatch(Object(Cake\Http\ServerRequest), Object(Cake\Http\Response))
#3 /home/lime/WebWWW/web3/blog/vendor/cakephp/cakephp/src/Http/Runner.php(65): Cake\Http\BaseApplication->__invoke(Object(Cake\Http\ServerRequest), Object(Cake\Http\Response), Object(Cake\Http\Runner))
#4 /home/lime/WebWWW/web3/blog/vendor/cakephp/cakephp/src/Http/Middleware/CsrfProtectionMiddleware.php(103): Cake\Http\Runner->__invoke(Object(Cake\Http\ServerRequest), Object(Cake\Http\Response))
#5 /home/lime/WebWWW/web3/blog/vendor/cakephp/cakephp/src/Http/Runner.php(65): Cake\Http\Middleware\CsrfProtectionMiddleware->__invoke(Object(Cake\Http\ServerRequest), Object(Cake\Http\Response), Object(Cake\Http\Runner))
#6 /home/lime/WebWWW/web3/blog/vendor/cakephp/cakephp/src/Routing/Middleware/RoutingMiddleware.php(157): Cake\Http\Runner->__invoke(Object(Cake\Http\ServerRequest), Object(Cake\Http\Response))
#7 /home/lime/WebWWW/web3/blog/vendor/cakephp/cakephp/src/Http/Runner.php(65): Cake\Routing\Middleware\RoutingMiddleware->__invoke(Object(Cake\Http\ServerRequest), Object(Cake\Http\Response), Object(Cake\Http\Runner))
#8 /home/lime/WebWWW/web3/blog/vendor/cakephp/cakephp/src/Routing/Middleware/AssetMiddleware.php(97): Cake\Http\Runner->__invoke(Object(Cake\Http\ServerRequest), Object(Cake\Http\Response))
#9 /home/lime/WebWWW/web3/blog/vendor/cakephp/cakephp/src/Http/Runner.php(65): Cake\Routing\Middleware\AssetMiddleware->__invoke(Object(Cake\Http\ServerRequest), Object(Cake\Http\Response), Object(Cake\Http\Runner))
#10 /home/lime/WebWWW/web3/blog/vendor/cakephp/cakephp/src/Error/Middleware/ErrorHandlerMiddleware.php(98): Cake\Http\Runner->__invoke(Object(Cake\Http\ServerRequest), Object(Cake\Http\Response))
#11 /home/lime/WebWWW/web3/blog/vendor/cakephp/cakephp/src/Http/Runner.php(65): Cake\Error\Middleware\ErrorHandlerMiddleware->__invoke(Object(Cake\Http\ServerRequest), Object(Cake\Http\Response), Object(Cake\Http\Runner))
#12 /home/lime/WebWWW/web3/blog/vendor/cakephp/cakephp/src/Http/Runner.php(51): Cake\Http\Runner->__invoke(Object(Cake\Http\ServerRequest), Object(Cake\Http\Response))
#13 /home/lime/WebWWW/web3/blog/vendor/cakephp/cakephp/src/Http/Server.php(98): Cake\Http\Runner->run(Object(Cake\Http\MiddlewareQueue), Object(Cake\Http\ServerRequest), Object(Cake\Http\Response))
#14 /home/lime/WebWWW/web3/blog/webroot/index.php(40): Cake\Http\Server->run()
#15 {main}


2018-07-16 20:47:22 Warning: DebugKit not enabled. You need to either install pdo_sqlite, or define the "debug_kit" connection name.
2018-07-16 20:47:22 Error: [Cake\Routing\Exception\MissingControllerException] Controller class Webwww could not be found.
Exception Attributes: array (
  'class' => 'Webwww',
  'plugin' => false,
  'prefix' => false,
  '_ext' => false,
)
Request URL: /webwww/web3/blog/Pages/
Stack Trace:
#0 /home/lime/WebWWW/web3/blog/vendor/cakephp/cakephp/src/Http/ControllerFactory.php(39): Cake\Http\ControllerFactory->missingController(Object(Cake\Http\ServerRequest))
#1 /home/lime/WebWWW/web3/blog/vendor/cakephp/cakephp/src/Http/ActionDispatcher.php(91): Cake\Http\ControllerFactory->create(Object(Cake\Http\ServerRequest), Object(Cake\Http\Response))
#2 /home/lime/WebWWW/web3/blog/vendor/cakephp/cakephp/src/Http/BaseApplication.php(232): Cake\Http\ActionDispatcher->dispatch(Object(Cake\Http\ServerRequest), Object(Cake\Http\Response))
#3 /home/lime/WebWWW/web3/blog/vendor/cakephp/cakephp/src/Http/Runner.php(65): Cake\Http\BaseApplication->__invoke(Object(Cake\Http\ServerRequest), Object(Cake\Http\Response), Object(Cake\Http\Runner))
#4 /home/lime/WebWWW/web3/blog/vendor/cakephp/cakephp/src/Http/Middleware/CsrfProtectionMiddleware.php(103): Cake\Http\Runner->__invoke(Object(Cake\Http\ServerRequest), Object(Cake\Http\Response))
#5 /home/lime/WebWWW/web3/blog/vendor/cakephp/cakephp/src/Http/Runner.php(65): Cake\Http\Middleware\CsrfProtectionMiddleware->__invoke(Object(Cake\Http\ServerRequest), Object(Cake\Http\Response), Object(Cake\Http\Runner))
#6 /home/lime/WebWWW/web3/blog/vendor/cakephp/cakephp/src/Routing/Middleware/RoutingMiddleware.php(157): Cake\Http\Runner->__invoke(Object(Cake\Http\ServerRequest), Object(Cake\Http\Response))
#7 /home/lime/WebWWW/web3/blog/vendor/cakephp/cakephp/src/Http/Runner.php(65): Cake\Routing\Middleware\RoutingMiddleware->__invoke(Object(Cake\Http\ServerRequest), Object(Cake\Http\Response), Object(Cake\Http\Runner))
#8 /home/lime/WebWWW/web3/blog/vendor/cakephp/cakephp/src/Routing/Middleware/AssetMiddleware.php(88): Cake\Http\Runner->__invoke(Object(Cake\Http\ServerRequest), Object(Cake\Http\Response))
#9 /home/lime/WebWWW/web3/blog/vendor/cakephp/cakephp/src/Http/Runner.php(65): Cake\Routing\Middleware\AssetMiddleware->__invoke(Object(Cake\Http\ServerRequest), Object(Cake\Http\Response), Object(Cake\Http\Runner))
#10 /home/lime/WebWWW/web3/blog/vendor/cakephp/cakephp/src/Error/Middleware/ErrorHandlerMiddleware.php(98): Cake\Http\Runner->__invoke(Object(Cake\Http\ServerRequest), Object(Cake\Http\Response))
#11 /home/lime/WebWWW/web3/blog/vendor/cakephp/cakephp/src/Http/Runner.php(65): Cake\Error\Middleware\ErrorHandlerMiddleware->__invoke(Object(Cake\Http\ServerRequest), Object(Cake\Http\Response), Object(Cake\Http\Runner))
#12 /home/lime/WebWWW/web3/blog/vendor/cakephp/cakephp/src/Http/Runner.php(51): Cake\Http\Runner->__invoke(Object(Cake\Http\ServerRequest), Object(Cake\Http\Response))
#13 /home/lime/WebWWW/web3/blog/vendor/cakephp/cakephp/src/Http/Server.php(98): Cake\Http\Runner->run(Object(Cake\Http\MiddlewareQueue), Object(Cake\Http\ServerRequest), Object(Cake\Http\Response))
#14 /home/lime/WebWWW/web3/blog/webroot/index.php(40): Cake\Http\Server->run()
#15 {main}


2018-07-16 20:47:44 Warning: DebugKit not enabled. You need to either install pdo_sqlite, or define the "debug_kit" connection name.
2018-07-16 20:47:45 Error: [Cake\Routing\Exception\MissingControllerException] Controller class Webwww could not be found.
Exception Attributes: array (
  'class' => 'Webwww',
  'plugin' => false,
  'prefix' => false,
  '_ext' => false,
)
Request URL: /webwww/web3/blog/
Stack Trace:
#0 /home/lime/WebWWW/web3/blog/vendor/cakephp/cakephp/src/Http/ControllerFactory.php(39): Cake\Http\ControllerFactory->missingController(Object(Cake\Http\ServerRequest))
#1 /home/lime/WebWWW/web3/blog/vendor/cakephp/cakephp/src/Http/ActionDispatcher.php(91): Cake\Http\ControllerFactory->create(Object(Cake\Http\ServerRequest), Object(Cake\Http\Response))
#2 /home/lime/WebWWW/web3/blog/vendor/cakephp/cakephp/src/Http/BaseApplication.php(232): Cake\Http\ActionDispatcher->dispatch(Object(Cake\Http\ServerRequest), Object(Cake\Http\Response))
#3 /home/lime/WebWWW/web3/blog/vendor/cakephp/cakephp/src/Http/Runner.php(65): Cake\Http\BaseApplication->__invoke(Object(Cake\Http\ServerRequest), Object(Cake\Http\Response), Object(Cake\Http\Runner))
#4 /home/lime/WebWWW/web3/blog/vendor/cakephp/cakephp/src/Http/Middleware/CsrfProtectionMiddleware.php(103): Cake\Http\Runner->__invoke(Object(Cake\Http\ServerRequest), Object(Cake\Http\Response))
#5 /home/lime/WebWWW/web3/blog/vendor/cakephp/cakephp/src/Http/Runner.php(65): Cake\Http\Middleware\CsrfProtectionMiddleware->__invoke(Object(Cake\Http\ServerRequest), Object(Cake\Http\Response), Object(Cake\Http\Runner))
#6 /home/lime/WebWWW/web3/blog/vendor/cakephp/cakephp/src/Routing/Middleware/RoutingMiddleware.php(157): Cake\Http\Runner->__invoke(Object(Cake\Http\ServerRequest), Object(Cake\Http\Response))
#7 /home/lime/WebWWW/web3/blog/vendor/cakephp/cakephp/src/Http/Runner.php(65): Cake\Routing\Middleware\RoutingMiddleware->__invoke(Object(Cake\Http\ServerRequest), Object(Cake\Http\Response), Object(Cake\Http\Runner))
#8 /home/lime/WebWWW/web3/blog/vendor/cakephp/cakephp/src/Routing/Middleware/AssetMiddleware.php(88): Cake\Http\Runner->__invoke(Object(Cake\Http\ServerRequest), Object(Cake\Http\Response))
#9 /home/lime/WebWWW/web3/blog/vendor/cakephp/cakephp/src/Http/Runner.php(65): Cake\Routing\Middleware\AssetMiddleware->__invoke(Object(Cake\Http\ServerRequest), Object(Cake\Http\Response), Object(Cake\Http\Runner))
#10 /home/lime/WebWWW/web3/blog/vendor/cakephp/cakephp/src/Error/Middleware/ErrorHandlerMiddleware.php(98): Cake\Http\Runner->__invoke(Object(Cake\Http\ServerRequest), Object(Cake\Http\Response))
#11 /home/lime/WebWWW/web3/blog/vendor/cakephp/cakephp/src/Http/Runner.php(65): Cake\Error\Middleware\ErrorHandlerMiddleware->__invoke(Object(Cake\Http\ServerRequest), Object(Cake\Http\Response), Object(Cake\Http\Runner))
#12 /home/lime/WebWWW/web3/blog/vendor/cakephp/cakephp/src/Http/Runner.php(51): Cake\Http\Runner->__invoke(Object(Cake\Http\ServerRequest), Object(Cake\Http\Response))
#13 /home/lime/WebWWW/web3/blog/vendor/cakephp/cakephp/src/Http/Server.php(98): Cake\Http\Runner->run(Object(Cake\Http\MiddlewareQueue), Object(Cake\Http\ServerRequest), Object(Cake\Http\Response))
#14 /home/lime/WebWWW/web3/blog/webroot/index.php(40): Cake\Http\Server->run()
#15 /home/lime/WebWWW/web3/blog/index.php(16): require('/home/lime/WebW...')
#16 {main}


2018-07-16 20:48:25 Warning: DebugKit not enabled. You need to either install pdo_sqlite, or define the "debug_kit" connection name.
2018-07-16 20:48:55 Warning: DebugKit not enabled. You need to either install pdo_sqlite, or define the "debug_kit" connection name.
2018-07-16 20:51:05 Warning: DebugKit not enabled. You need to either install pdo_sqlite, or define the "debug_kit" connection name.
2018-07-16 20:53:29 Warning: DebugKit not enabled. You need to either install pdo_sqlite, or define the "debug_kit" connection name.
2018-07-16 21:00:20 Warning: DebugKit not enabled. You need to either install pdo_sqlite, or define the "debug_kit" connection name.
2018-07-16 21:01:10 Warning: DebugKit not enabled. You need to either install pdo_sqlite, or define the "debug_kit" connection name.
2018-07-16 21:01:13 Warning: DebugKit not enabled. You need to either install pdo_sqlite, or define the "debug_kit" connection name.
2018-07-16 21:01:33 Warning: DebugKit not enabled. You need to either install pdo_sqlite, or define the "debug_kit" connection name.
2018-07-16 21:01:35 Warning: DebugKit not enabled. You need to either install pdo_sqlite, or define the "debug_kit" connection name.
2018-07-16 21:01:40 Warning: DebugKit not enabled. You need to either install pdo_sqlite, or define the "debug_kit" connection name.
2018-07-16 21:10:48 Warning: DebugKit not enabled. You need to either install pdo_sqlite, or define the "debug_kit" connection name.
2018-07-16 21:10:52 Warning: DebugKit not enabled. You need to either install pdo_sqlite, or define the "debug_kit" connection name.
2018-07-16 21:10:57 Warning: DebugKit not enabled. You need to either install pdo_sqlite, or define the "debug_kit" connection name.
2018-07-16 21:11:01 Warning: DebugKit not enabled. You need to either install pdo_sqlite, or define the "debug_kit" connection name.
2018-07-16 21:11:01 Error: [Cake\View\Exception\MissingTemplateException] Template file "Users/index.ctp" is missing.
Exception Attributes: array (
  'file' => 'Users/index.ctp',
)
Request URL: /users
Stack Trace:
#0 /home/lime/WebWWW/web3/blog/vendor/cakephp/cakephp/src/View/View.php(799): Cake\View\View->_getViewFileName('Users/index')
#1 /home/lime/WebWWW/web3/blog/vendor/cakephp/cakephp/src/Controller/Controller.php(777): Cake\View\View->render(NULL, NULL)
#2 /home/lime/WebWWW/web3/blog/vendor/cakephp/cakephp/src/Http/ActionDispatcher.php(126): Cake\Controller\Controller->render()
#3 /home/lime/WebWWW/web3/blog/vendor/cakephp/cakephp/src/Http/ActionDispatcher.php(94): Cake\Http\ActionDispatcher->_invoke(Object(App\Controller\UsersController))
#4 /home/lime/WebWWW/web3/blog/vendor/cakephp/cakephp/src/Http/BaseApplication.php(232): Cake\Http\ActionDispatcher->dispatch(Object(Cake\Http\ServerRequest), Object(Cake\Http\Response))
#5 /home/lime/WebWWW/web3/blog/vendor/cakephp/cakephp/src/Http/Runner.php(65): Cake\Http\BaseApplication->__invoke(Object(Cake\Http\ServerRequest), Object(Cake\Http\Response), Object(Cake\Http\Runner))
#6 /home/lime/WebWWW/web3/blog/vendor/cakephp/cakephp/src/Http/Middleware/CsrfProtectionMiddleware.php(107): Cake\Http\Runner->__invoke(Object(Cake\Http\ServerRequest), Object(Cake\Http\Response))
#7 /home/lime/WebWWW/web3/blog/vendor/cakephp/cakephp/src/Http/Runner.php(65): Cake\Http\Middleware\CsrfProtectionMiddleware->__invoke(Object(Cake\Http\ServerRequest), Object(Cake\Http\Response), Object(Cake\Http\Runner))
#8 /home/lime/WebWWW/web3/blog/vendor/cakephp/cakephp/src/Routing/Middleware/RoutingMiddleware.php(157): Cake\Http\Runner->__invoke(Object(Cake\Http\ServerRequest), Object(Cake\Http\Response))
#9 /home/lime/WebWWW/web3/blog/vendor/cakephp/cakephp/src/Http/Runner.php(65): Cake\Routing\Middleware\RoutingMiddleware->__invoke(Object(Cake\Http\ServerRequest), Object(Cake\Http\Response), Object(Cake\Http\Runner))
#10 /home/lime/WebWWW/web3/blog/vendor/cakephp/cakephp/src/Routing/Middleware/AssetMiddleware.php(88): Cake\Http\Runner->__invoke(Object(Cake\Http\ServerRequest), Object(Cake\Http\Response))
#11 /home/lime/WebWWW/web3/blog/vendor/cakephp/cakephp/src/Http/Runner.php(65): Cake\Routing\Middleware\AssetMiddleware->__invoke(Object(Cake\Http\ServerRequest), Object(Cake\Http\Response), Object(Cake\Http\Runner))
#12 /home/lime/WebWWW/web3/blog/vendor/cakephp/cakephp/src/Error/Middleware/ErrorHandlerMiddleware.php(98): Cake\Http\Runner->__invoke(Object(Cake\Http\ServerRequest), Object(Cake\Http\Response))
#13 /home/lime/WebWWW/web3/blog/vendor/cakephp/cakephp/src/Http/Runner.php(65): Cake\Error\Middleware\ErrorHandlerMiddleware->__invoke(Object(Cake\Http\ServerRequest), Object(Cake\Http\Response), Object(Cake\Http\Runner))
#14 /home/lime/WebWWW/web3/blog/vendor/cakephp/cakephp/src/Http/Runner.php(51): Cake\Http\Runner->__invoke(Object(Cake\Http\ServerRequest), Object(Cake\Http\Response))
#15 /home/lime/WebWWW/web3/blog/vendor/cakephp/cakephp/src/Http/Server.php(98): Cake\Http\Runner->run(Object(Cake\Http\MiddlewareQueue), Object(Cake\Http\ServerRequest), Object(Cake\Http\Response))
#16 /home/lime/WebWWW/web3/blog/webroot/index.php(40): Cake\Http\Server->run()
#17 {main}


2018-07-16 21:11:08 Warning: DebugKit not enabled. You need to either install pdo_sqlite, or define the "debug_kit" connection name.
2018-07-16 21:11:19 Warning: DebugKit not enabled. You need to either install pdo_sqlite, or define the "debug_kit" connection name.
2018-07-16 21:11:19 Warning: DebugKit not enabled. You need to either install pdo_sqlite, or define the "debug_kit" connection name.
2018-07-16 21:11:25 Warning: DebugKit not enabled. You need to either install pdo_sqlite, or define the "debug_kit" connection name.
2018-07-16 21:11:25 Error: [Cake\View\Exception\MissingTemplateException] Template file "Users/index.ctp" is missing.
Exception Attributes: array (
  'file' => 'Users/index.ctp',
)
Request URL: /users/
Stack Trace:
#0 /home/lime/WebWWW/web3/blog/vendor/cakephp/cakephp/src/View/View.php(799): Cake\View\View->_getViewFileName('Users/index')
#1 /home/lime/WebWWW/web3/blog/vendor/cakephp/cakephp/src/Controller/Controller.php(777): Cake\View\View->render(NULL, NULL)
#2 /home/lime/WebWWW/web3/blog/vendor/cakephp/cakephp/src/Http/ActionDispatcher.php(126): Cake\Controller\Controller->render()
#3 /home/lime/WebWWW/web3/blog/vendor/cakephp/cakephp/src/Http/ActionDispatcher.php(94): Cake\Http\ActionDispatcher->_invoke(Object(App\Controller\UsersController))
#4 /home/lime/WebWWW/web3/blog/vendor/cakephp/cakephp/src/Http/BaseApplication.php(232): Cake\Http\ActionDispatcher->dispatch(Object(Cake\Http\ServerRequest), Object(Cake\Http\Response))
#5 /home/lime/WebWWW/web3/blog/vendor/cakephp/cakephp/src/Http/Runner.php(65): Cake\Http\BaseApplication->__invoke(Object(Cake\Http\ServerRequest), Object(Cake\Http\Response), Object(Cake\Http\Runner))
#6 /home/lime/WebWWW/web3/blog/vendor/cakephp/cakephp/src/Http/Middleware/CsrfProtectionMiddleware.php(107): Cake\Http\Runner->__invoke(Object(Cake\Http\ServerRequest), Object(Cake\Http\Response))
#7 /home/lime/WebWWW/web3/blog/vendor/cakephp/cakephp/src/Http/Runner.php(65): Cake\Http\Middleware\CsrfProtectionMiddleware->__invoke(Object(Cake\Http\ServerRequest), Object(Cake\Http\Response), Object(Cake\Http\Runner))
#8 /home/lime/WebWWW/web3/blog/vendor/cakephp/cakephp/src/Routing/Middleware/RoutingMiddleware.php(157): Cake\Http\Runner->__invoke(Object(Cake\Http\ServerRequest), Object(Cake\Http\Response))
#9 /home/lime/WebWWW/web3/blog/vendor/cakephp/cakephp/src/Http/Runner.php(65): Cake\Routing\Middleware\RoutingMiddleware->__invoke(Object(Cake\Http\ServerRequest), Object(Cake\Http\Response), Object(Cake\Http\Runner))
#10 /home/lime/WebWWW/web3/blog/vendor/cakephp/cakephp/src/Routing/Middleware/AssetMiddleware.php(88): Cake\Http\Runner->__invoke(Object(Cake\Http\ServerRequest), Object(Cake\Http\Response))
#11 /home/lime/WebWWW/web3/blog/vendor/cakephp/cakephp/src/Http/Runner.php(65): Cake\Routing\Middleware\AssetMiddleware->__invoke(Object(Cake\Http\ServerRequest), Object(Cake\Http\Response), Object(Cake\Http\Runner))
#12 /home/lime/WebWWW/web3/blog/vendor/cakephp/cakephp/src/Error/Middleware/ErrorHandlerMiddleware.php(98): Cake\Http\Runner->__invoke(Object(Cake\Http\ServerRequest), Object(Cake\Http\Response))
#13 /home/lime/WebWWW/web3/blog/vendor/cakephp/cakephp/src/Http/Runner.php(65): Cake\Error\Middleware\ErrorHandlerMiddleware->__invoke(Object(Cake\Http\ServerRequest), Object(Cake\Http\Response), Object(Cake\Http\Runner))
#14 /home/lime/WebWWW/web3/blog/vendor/cakephp/cakephp/src/Http/Runner.php(51): Cake\Http\Runner->__invoke(Object(Cake\Http\ServerRequest), Object(Cake\Http\Response))
#15 /home/lime/WebWWW/web3/blog/vendor/cakephp/cakephp/src/Http/Server.php(98): Cake\Http\Runner->run(Object(Cake\Http\MiddlewareQueue), Object(Cake\Http\ServerRequest), Object(Cake\Http\Response))
#16 /home/lime/WebWWW/web3/blog/webroot/index.php(40): Cake\Http\Server->run()
#17 {main}


2018-07-16 21:11:28 Warning: DebugKit not enabled. You need to either install pdo_sqlite, or define the "debug_kit" connection name.
2018-07-16 21:11:31 Warning: DebugKit not enabled. You need to either install pdo_sqlite, or define the "debug_kit" connection name.
2018-07-16 21:11:33 Warning: DebugKit not enabled. You need to either install pdo_sqlite, or define the "debug_kit" connection name.
2018-07-16 21:11:34 Warning: DebugKit not enabled. You need to either install pdo_sqlite, or define the "debug_kit" connection name.
2018-07-16 21:11:39 Warning: DebugKit not enabled. You need to either install pdo_sqlite, or define the "debug_kit" connection name.
2018-07-16 21:11:39 Warning: DebugKit not enabled. You need to either install pdo_sqlite, or define the "debug_kit" connection name.
2018-07-16 21:11:52 Warning: DebugKit not enabled. You need to either install pdo_sqlite, or define the "debug_kit" connection name.
2018-07-16 21:11:52 Warning: DebugKit not enabled. You need to either install pdo_sqlite, or define the "debug_kit" connection name.
2018-07-16 21:11:58 Warning: DebugKit not enabled. You need to either install pdo_sqlite, or define the "debug_kit" connection name.
2018-07-16 21:11:58 Warning: DebugKit not enabled. You need to either install pdo_sqlite, or define the "debug_kit" connection name.
2018-07-16 21:12:00 Warning: DebugKit not enabled. You need to either install pdo_sqlite, or define the "debug_kit" connection name.
2018-07-16 21:12:07 Warning: DebugKit not enabled. You need to either install pdo_sqlite, or define the "debug_kit" connection name.
2018-07-16 21:12:15 Warning: DebugKit not enabled. You need to either install pdo_sqlite, or define the "debug_kit" connection name.
2018-07-16 21:12:15 Warning: DebugKit not enabled. You need to either install pdo_sqlite, or define the "debug_kit" connection name.
2018-07-16 21:14:11 Warning: DebugKit not enabled. You need to either install pdo_sqlite, or define the "debug_kit" connection name.
2018-07-16 21:14:23 Warning: DebugKit not enabled. You need to either install pdo_sqlite, or define the "debug_kit" connection name.
2018-07-16 21:14:23 Warning: DebugKit not enabled. You need to either install pdo_sqlite, or define the "debug_kit" connection name.
2018-07-16 21:14:47 Warning: DebugKit not enabled. You need to either install pdo_sqlite, or define the "debug_kit" connection name.
2018-07-16 21:14:54 Warning: DebugKit not enabled. You need to either install pdo_sqlite, or define the "debug_kit" connection name.
2018-07-16 21:15:00 Warning: DebugKit not enabled. You need to either install pdo_sqlite, or define the "debug_kit" connection name.
2018-07-16 21:15:00 Warning: DebugKit not enabled. You need to either install pdo_sqlite, or define the "debug_kit" connection name.
2018-07-16 21:15:03 Warning: DebugKit not enabled. You need to either install pdo_sqlite, or define the "debug_kit" connection name.
2018-07-16 21:15:03 Warning: DebugKit not enabled. You need to either install pdo_sqlite, or define the "debug_kit" connection name.
2018-07-16 21:15:41 Warning: DebugKit not enabled. You need to either install pdo_sqlite, or define the "debug_kit" connection name.
2018-07-16 21:15:44 Warning: DebugKit not enabled. You need to either install pdo_sqlite, or define the "debug_kit" connection name.
2018-07-16 21:15:44 Warning: DebugKit not enabled. You need to either install pdo_sqlite, or define the "debug_kit" connection name.
2019-08-25 20:23:41 Error: [PDOException] SQLSTATE[HY000] [1045] Access denied for user 'lime'@'localhost' (using password: YES)
Request URL: /
Referer URL: http://localhost/wwweb/
Stack Trace:
#0 /home/flow/www/CakePHPBlog3XDemo/vendor/cakephp/cakephp/src/Database/Driver.php(92): PDO->__construct('mysql:host=loca...', 'lime', 'lime', Array)
#1 /home/flow/www/CakePHPBlog3XDemo/vendor/cakephp/cakephp/src/Database/Driver/Mysql.php(106): Cake\Database\Driver->_connect('mysql:host=loca...', Array)
#2 /home/flow/www/CakePHPBlog3XDemo/vendor/cakephp/cakephp/src/Database/Schema/BaseSchema.php(45): Cake\Database\Driver\Mysql->connect()
#3 /home/flow/www/CakePHPBlog3XDemo/vendor/cakephp/cakephp/src/Database/Dialect/MysqlDialectTrait.php(63): Cake\Database\Schema\BaseSchema->__construct(Object(Cake\Database\Driver\Mysql))
#4 /home/flow/www/CakePHPBlog3XDemo/vendor/cakephp/cakephp/src/Database/Schema/Collection.php(52): Cake\Database\Driver\Mysql->schemaDialect()
#5 /home/flow/www/CakePHPBlog3XDemo/vendor/cakephp/cakephp/src/Database/Schema/CachedCollection.php(42): Cake\Database\Schema\Collection->__construct(Object(Cake\Database\Connection))
#6 /home/flow/www/CakePHPBlog3XDemo/vendor/cakephp/cakephp/src/Database/Connection.php(391): Cake\Database\Schema\CachedCollection->__construct(Object(Cake\Database\Connection), true)
#7 /home/flow/www/CakePHPBlog3XDemo/vendor/cakephp/cakephp/src/ORM/Table.php(547): Cake\Database\Connection->getSchemaCollection()
#8 /home/flow/www/CakePHPBlog3XDemo/vendor/cakephp/cakephp/src/ORM/Query.php(270): Cake\ORM\Table->getSchema()
#9 /home/flow/www/CakePHPBlog3XDemo/vendor/cakephp/cakephp/src/ORM/Query.php(168): Cake\ORM\Query->addDefaultTypes(Object(App\Model\Table\ArticlesTable))
#10 /home/flow/www/CakePHPBlog3XDemo/vendor/cakephp/cakephp/src/ORM/Table.php(1758): Cake\ORM\Query->__construct(Object(Cake\Database\Connection), Object(App\Model\Table\ArticlesTable))
#11 /home/flow/www/CakePHPBlog3XDemo/vendor/cakephp/cakephp/src/ORM/Table.php(1350): Cake\ORM\Table->query()
#12 /home/flow/www/CakePHPBlog3XDemo/vendor/cakephp/cakephp/src/Datasource/Paginator.php(180): Cake\ORM\Table->find('all', Array)
#13 /home/flow/www/CakePHPBlog3XDemo/vendor/cakephp/cakephp/src/Controller/Component/PaginatorComponent.php(200): Cake\Datasource\Paginator->paginate(Object(App\Model\Table\ArticlesTable), Array, Array)
#14 /home/flow/www/CakePHPBlog3XDemo/vendor/cakephp/cakephp/src/Controller/Controller.php(872): Cake\Controller\Component\PaginatorComponent->paginate(Object(App\Model\Table\ArticlesTable), Array)
#15 /home/flow/www/CakePHPBlog3XDemo/src/Controller/ArticlesController.php(76): Cake\Controller\Controller->paginate(Object(App\Model\Table\ArticlesTable))
#16 /home/flow/www/CakePHPBlog3XDemo/vendor/cakephp/cakephp/src/Controller/Controller.php(596): App\Controller\ArticlesController->index()
#17 /home/flow/www/CakePHPBlog3XDemo/vendor/cakephp/cakephp/src/Http/ActionDispatcher.php(120): Cake\Controller\Controller->invokeAction()
#18 /home/flow/www/CakePHPBlog3XDemo/vendor/cakephp/cakephp/src/Http/ActionDispatcher.php(94): Cake\Http\ActionDispatcher->_invoke(Object(App\Controller\ArticlesController))
#19 /home/flow/www/CakePHPBlog3XDemo/vendor/cakephp/cakephp/src/Http/BaseApplication.php(232): Cake\Http\ActionDispatcher->dispatch(Object(Cake\Http\ServerRequest), Object(Cake\Http\Response))
#20 /home/flow/www/CakePHPBlog3XDemo/vendor/cakephp/cakephp/src/Http/Runner.php(65): Cake\Http\BaseApplication->__invoke(Object(Cake\Http\ServerRequest), Object(Cake\Http\Response), Object(Cake\Http\Runner))
#21 /home/flow/www/CakePHPBlog3XDemo/vendor/cakephp/cakephp/src/Http/Middleware/CsrfProtectionMiddleware.php(103): Cake\Http\Runner->__invoke(Object(Cake\Http\ServerRequest), Object(Cake\Http\Response))
#22 /home/flow/www/CakePHPBlog3XDemo/vendor/cakephp/cakephp/src/Http/Runner.php(65): Cake\Http\Middleware\CsrfProtectionMiddleware->__invoke(Object(Cake\Http\ServerRequest), Object(Cake\Http\Response), Object(Cake\Http\Runner))
#23 /home/flow/www/CakePHPBlog3XDemo/vendor/cakephp/cakephp/src/Routing/Middleware/RoutingMiddleware.php(157): Cake\Http\Runner->__invoke(Object(Cake\Http\ServerRequest), Object(Cake\Http\Response))
#24 /home/flow/www/CakePHPBlog3XDemo/vendor/cakephp/cakephp/src/Http/Runner.php(65): Cake\Routing\Middleware\RoutingMiddleware->__invoke(Object(Cake\Http\ServerRequest), Object(Cake\Http\Response), Object(Cake\Http\Runner))
#25 /home/flow/www/CakePHPBlog3XDemo/vendor/cakephp/cakephp/src/Routing/Middleware/AssetMiddleware.php(88): Cake\Http\Runner->__invoke(Object(Cake\Http\ServerRequest), Object(Cake\Http\Response))
#26 /home/flow/www/CakePHPBlog3XDemo/vendor/cakephp/cakephp/src/Http/Runner.php(65): Cake\Routing\Middleware\AssetMiddleware->__invoke(Object(Cake\Http\ServerRequest), Object(Cake\Http\Response), Object(Cake\Http\Runner))
#27 /home/flow/www/CakePHPBlog3XDemo/vendor/cakephp/cakephp/src/Error/Middleware/ErrorHandlerMiddleware.php(98): Cake\Http\Runner->__invoke(Object(Cake\Http\ServerRequest), Object(Cake\Http\Response))
#28 /home/flow/www/CakePHPBlog3XDemo/vendor/cakephp/cakephp/src/Http/Runner.php(65): Cake\Error\Middleware\ErrorHandlerMiddleware->__invoke(Object(Cake\Http\ServerRequest), Object(Cake\Http\Response), Object(Cake\Http\Runner))
#29 /home/flow/www/CakePHPBlog3XDemo/vendor/cakephp/debug_kit/src/Middleware/DebugKitMiddleware.php(53): Cake\Http\Runner->__invoke(Object(Cake\Http\ServerRequest), Object(Cake\Http\Response))
#30 /home/flow/www/CakePHPBlog3XDemo/vendor/cakephp/cakephp/src/Http/Runner.php(65): DebugKit\Middleware\DebugKitMiddleware->__invoke(Object(Cake\Http\ServerRequest), Object(Cake\Http\Response), Object(Cake\Http\Runner))
#31 /home/flow/www/CakePHPBlog3XDemo/vendor/cakephp/cakephp/src/Http/Runner.php(51): Cake\Http\Runner->__invoke(Object(Cake\Http\ServerRequest), Object(Cake\Http\Response))
#32 /home/flow/www/CakePHPBlog3XDemo/vendor/cakephp/cakephp/src/Http/Server.php(98): Cake\Http\Runner->run(Object(Cake\Http\MiddlewareQueue), Object(Cake\Http\ServerRequest), Object(Cake\Http\Response))
#33 /home/flow/www/CakePHPBlog3XDemo/webroot/index.php(40): Cake\Http\Server->run()
#34 /home/flow/www/CakePHPBlog3XDemo/index.php(16): require('/home/flow/www/...')
#35 {main}


2019-08-25 20:49:42 Error: [PDOException] SQLSTATE[HY000] [1045] Access denied for user 'lime'@'localhost' (using password: YES)
Request URL: /
Referer URL: http://localhost/wwweb/
Stack Trace:
#0 /home/flow/www/CakePHPBlog3XDemo/vendor/cakephp/cakephp/src/Database/Driver.php(92): PDO->__construct('mysql:host=loca...', 'lime', 'lime', Array)
#1 /home/flow/www/CakePHPBlog3XDemo/vendor/cakephp/cakephp/src/Database/Driver/Mysql.php(106): Cake\Database\Driver->_connect('mysql:host=loca...', Array)
#2 /home/flow/www/CakePHPBlog3XDemo/vendor/cakephp/cakephp/src/Database/Schema/BaseSchema.php(45): Cake\Database\Driver\Mysql->connect()
#3 /home/flow/www/CakePHPBlog3XDemo/vendor/cakephp/cakephp/src/Database/Dialect/MysqlDialectTrait.php(63): Cake\Database\Schema\BaseSchema->__construct(Object(Cake\Database\Driver\Mysql))
#4 /home/flow/www/CakePHPBlog3XDemo/vendor/cakephp/cakephp/src/Database/Schema/Collection.php(52): Cake\Database\Driver\Mysql->schemaDialect()
#5 /home/flow/www/CakePHPBlog3XDemo/vendor/cakephp/cakephp/src/Database/Schema/CachedCollection.php(42): Cake\Database\Schema\Collection->__construct(Object(Cake\Database\Connection))
#6 /home/flow/www/CakePHPBlog3XDemo/vendor/cakephp/cakephp/src/Database/Connection.php(391): Cake\Database\Schema\CachedCollection->__construct(Object(Cake\Database\Connection), true)
#7 /home/flow/www/CakePHPBlog3XDemo/vendor/cakephp/cakephp/src/ORM/Table.php(547): Cake\Database\Connection->getSchemaCollection()
#8 /home/flow/www/CakePHPBlog3XDemo/vendor/cakephp/cakephp/src/ORM/Query.php(270): Cake\ORM\Table->getSchema()
#9 /home/flow/www/CakePHPBlog3XDemo/vendor/cakephp/cakephp/src/ORM/Query.php(168): Cake\ORM\Query->addDefaultTypes(Object(App\Model\Table\ArticlesTable))
#10 /home/flow/www/CakePHPBlog3XDemo/vendor/cakephp/cakephp/src/ORM/Table.php(1758): Cake\ORM\Query->__construct(Object(Cake\Database\Connection), Object(App\Model\Table\ArticlesTable))
#11 /home/flow/www/CakePHPBlog3XDemo/vendor/cakephp/cakephp/src/ORM/Table.php(1350): Cake\ORM\Table->query()
#12 /home/flow/www/CakePHPBlog3XDemo/vendor/cakephp/cakephp/src/Datasource/Paginator.php(180): Cake\ORM\Table->find('all', Array)
#13 /home/flow/www/CakePHPBlog3XDemo/vendor/cakephp/cakephp/src/Controller/Component/PaginatorComponent.php(200): Cake\Datasource\Paginator->paginate(Object(App\Model\Table\ArticlesTable), Array, Array)
#14 /home/flow/www/CakePHPBlog3XDemo/vendor/cakephp/cakephp/src/Controller/Controller.php(872): Cake\Controller\Component\PaginatorComponent->paginate(Object(App\Model\Table\ArticlesTable), Array)
#15 /home/flow/www/CakePHPBlog3XDemo/src/Controller/ArticlesController.php(76): Cake\Controller\Controller->paginate(Object(App\Model\Table\ArticlesTable))
#16 /home/flow/www/CakePHPBlog3XDemo/vendor/cakephp/cakephp/src/Controller/Controller.php(596): App\Controller\ArticlesController->index()
#17 /home/flow/www/CakePHPBlog3XDemo/vendor/cakephp/cakephp/src/Http/ActionDispatcher.php(120): Cake\Controller\Controller->invokeAction()
#18 /home/flow/www/CakePHPBlog3XDemo/vendor/cakephp/cakephp/src/Http/ActionDispatcher.php(94): Cake\Http\ActionDispatcher->_invoke(Object(App\Controller\ArticlesController))
#19 /home/flow/www/CakePHPBlog3XDemo/vendor/cakephp/cakephp/src/Http/BaseApplication.php(232): Cake\Http\ActionDispatcher->dispatch(Object(Cake\Http\ServerRequest), Object(Cake\Http\Response))
#20 /home/flow/www/CakePHPBlog3XDemo/vendor/cakephp/cakephp/src/Http/Runner.php(65): Cake\Http\BaseApplication->__invoke(Object(Cake\Http\ServerRequest), Object(Cake\Http\Response), Object(Cake\Http\Runner))
#21 /home/flow/www/CakePHPBlog3XDemo/vendor/cakephp/cakephp/src/Http/Middleware/CsrfProtectionMiddleware.php(103): Cake\Http\Runner->__invoke(Object(Cake\Http\ServerRequest), Object(Cake\Http\Response))
#22 /home/flow/www/CakePHPBlog3XDemo/vendor/cakephp/cakephp/src/Http/Runner.php(65): Cake\Http\Middleware\CsrfProtectionMiddleware->__invoke(Object(Cake\Http\ServerRequest), Object(Cake\Http\Response), Object(Cake\Http\Runner))
#23 /home/flow/www/CakePHPBlog3XDemo/vendor/cakephp/cakephp/src/Routing/Middleware/RoutingMiddleware.php(157): Cake\Http\Runner->__invoke(Object(Cake\Http\ServerRequest), Object(Cake\Http\Response))
#24 /home/flow/www/CakePHPBlog3XDemo/vendor/cakephp/cakephp/src/Http/Runner.php(65): Cake\Routing\Middleware\RoutingMiddleware->__invoke(Object(Cake\Http\ServerRequest), Object(Cake\Http\Response), Object(Cake\Http\Runner))
#25 /home/flow/www/CakePHPBlog3XDemo/vendor/cakephp/cakephp/src/Routing/Middleware/AssetMiddleware.php(88): Cake\Http\Runner->__invoke(Object(Cake\Http\ServerRequest), Object(Cake\Http\Response))
#26 /home/flow/www/CakePHPBlog3XDemo/vendor/cakephp/cakephp/src/Http/Runner.php(65): Cake\Routing\Middleware\AssetMiddleware->__invoke(Object(Cake\Http\ServerRequest), Object(Cake\Http\Response), Object(Cake\Http\Runner))
#27 /home/flow/www/CakePHPBlog3XDemo/vendor/cakephp/cakephp/src/Error/Middleware/ErrorHandlerMiddleware.php(98): Cake\Http\Runner->__invoke(Object(Cake\Http\ServerRequest), Object(Cake\Http\Response))
#28 /home/flow/www/CakePHPBlog3XDemo/vendor/cakephp/cakephp/src/Http/Runner.php(65): Cake\Error\Middleware\ErrorHandlerMiddleware->__invoke(Object(Cake\Http\ServerRequest), Object(Cake\Http\Response), Object(Cake\Http\Runner))
#29 /home/flow/www/CakePHPBlog3XDemo/vendor/cakephp/debug_kit/src/Middleware/DebugKitMiddleware.php(53): Cake\Http\Runner->__invoke(Object(Cake\Http\ServerRequest), Object(Cake\Http\Response))
#30 /home/flow/www/CakePHPBlog3XDemo/vendor/cakephp/cakephp/src/Http/Runner.php(65): DebugKit\Middleware\DebugKitMiddleware->__invoke(Object(Cake\Http\ServerRequest), Object(Cake\Http\Response), Object(Cake\Http\Runner))
#31 /home/flow/www/CakePHPBlog3XDemo/vendor/cakephp/cakephp/src/Http/Runner.php(51): Cake\Http\Runner->__invoke(Object(Cake\Http\ServerRequest), Object(Cake\Http\Response))
#32 /home/flow/www/CakePHPBlog3XDemo/vendor/cakephp/cakephp/src/Http/Server.php(98): Cake\Http\Runner->run(Object(Cake\Http\MiddlewareQueue), Object(Cake\Http\ServerRequest), Object(Cake\Http\Response))
#33 /home/flow/www/CakePHPBlog3XDemo/webroot/index.php(40): Cake\Http\Server->run()
#34 /home/flow/www/CakePHPBlog3XDemo/index.php(16): require('/home/flow/www/...')
#35 {main}


2019-08-25 20:51:07 Error: [Cake\Routing\Exception\MissingControllerException] Controller class Wwweb could not be found.
Exception Attributes: array (
  'class' => 'Wwweb',
  'plugin' => false,
  'prefix' => false,
  '_ext' => false,
)
Request URL: /wwweb/CakePHPBlog3XDemo/
Referer URL: http://localhost/wwweb/
Stack Trace:
#0 /home/flow/www/CakePHPBlog3XDemo/vendor/cakephp/cakephp/src/Http/ControllerFactory.php(39): Cake\Http\ControllerFactory->missingController(Object(Cake\Http\ServerRequest))
#1 /home/flow/www/CakePHPBlog3XDemo/vendor/cakephp/cakephp/src/Http/ActionDispatcher.php(91): Cake\Http\ControllerFactory->create(Object(Cake\Http\ServerRequest), Object(Cake\Http\Response))
#2 /home/flow/www/CakePHPBlog3XDemo/vendor/cakephp/cakephp/src/Http/BaseApplication.php(232): Cake\Http\ActionDispatcher->dispatch(Object(Cake\Http\ServerRequest), Object(Cake\Http\Response))
#3 /home/flow/www/CakePHPBlog3XDemo/vendor/cakephp/cakephp/src/Http/Runner.php(65): Cake\Http\BaseApplication->__invoke(Object(Cake\Http\ServerRequest), Object(Cake\Http\Response), Object(Cake\Http\Runner))
#4 /home/flow/www/CakePHPBlog3XDemo/vendor/cakephp/cakephp/src/Http/Middleware/CsrfProtectionMiddleware.php(107): Cake\Http\Runner->__invoke(Object(Cake\Http\ServerRequest), Object(Cake\Http\Response))
#5 /home/flow/www/CakePHPBlog3XDemo/vendor/cakephp/cakephp/src/Http/Runner.php(65): Cake\Http\Middleware\CsrfProtectionMiddleware->__invoke(Object(Cake\Http\ServerRequest), Object(Cake\Http\Response), Object(Cake\Http\Runner))
#6 /home/flow/www/CakePHPBlog3XDemo/vendor/cakephp/cakephp/src/Routing/Middleware/RoutingMiddleware.php(157): Cake\Http\Runner->__invoke(Object(Cake\Http\ServerRequest), Object(Cake\Http\Response))
#7 /home/flow/www/CakePHPBlog3XDemo/vendor/cakephp/cakephp/src/Http/Runner.php(65): Cake\Routing\Middleware\RoutingMiddleware->__invoke(Object(Cake\Http\ServerRequest), Object(Cake\Http\Response), Object(Cake\Http\Runner))
#8 /home/flow/www/CakePHPBlog3XDemo/vendor/cakephp/cakephp/src/Routing/Middleware/AssetMiddleware.php(88): Cake\Http\Runner->__invoke(Object(Cake\Http\ServerRequest), Object(Cake\Http\Response))
#9 /home/flow/www/CakePHPBlog3XDemo/vendor/cakephp/cakephp/src/Http/Runner.php(65): Cake\Routing\Middleware\AssetMiddleware->__invoke(Object(Cake\Http\ServerRequest), Object(Cake\Http\Response), Object(Cake\Http\Runner))
#10 /home/flow/www/CakePHPBlog3XDemo/vendor/cakephp/cakephp/src/Error/Middleware/ErrorHandlerMiddleware.php(98): Cake\Http\Runner->__invoke(Object(Cake\Http\ServerRequest), Object(Cake\Http\Response))
#11 /home/flow/www/CakePHPBlog3XDemo/vendor/cakephp/cakephp/src/Http/Runner.php(65): Cake\Error\Middleware\ErrorHandlerMiddleware->__invoke(Object(Cake\Http\ServerRequest), Object(Cake\Http\Response), Object(Cake\Http\Runner))
#12 /home/flow/www/CakePHPBlog3XDemo/vendor/cakephp/debug_kit/src/Middleware/DebugKitMiddleware.php(53): Cake\Http\Runner->__invoke(Object(Cake\Http\ServerRequest), Object(Cake\Http\Response))
#13 /home/flow/www/CakePHPBlog3XDemo/vendor/cakephp/cakephp/src/Http/Runner.php(65): DebugKit\Middleware\DebugKitMiddleware->__invoke(Object(Cake\Http\ServerRequest), Object(Cake\Http\Response), Object(Cake\Http\Runner))
#14 /home/flow/www/CakePHPBlog3XDemo/vendor/cakephp/cakephp/src/Http/Runner.php(51): Cake\Http\Runner->__invoke(Object(Cake\Http\ServerRequest), Object(Cake\Http\Response))
#15 /home/flow/www/CakePHPBlog3XDemo/vendor/cakephp/cakephp/src/Http/Server.php(98): Cake\Http\Runner->run(Object(Cake\Http\MiddlewareQueue), Object(Cake\Http\ServerRequest), Object(Cake\Http\Response))
#16 /home/flow/www/CakePHPBlog3XDemo/webroot/index.php(40): Cake\Http\Server->run()
#17 /home/flow/www/CakePHPBlog3XDemo/index.php(16): require('/home/flow/www/...')
#18 {main}


